crash triage utility for afl-fuzz by <lcamtuf@google.com>


+++ ID 000000, SIGNAL 06 +++

MetaWithBraces-V4: MetaWithBraces-V4.c:2073: main: Assertion `(!(symb!=10&&symb!=6&&symb!=1&&symb!=8&&symb!=2&&symb!=5&&symb!=7&&symb!=9&&symb!=4&&symb!=3))' failed.
POINT: 265
POINT: 266
POINT: 267

Program received signal SIGABRT, Aborted.
__GI_raise (sig=sig@entry=6) at ../sysdeps/unix/sysv/linux/raise.c:51
51	../sysdeps/unix/sysv/linux/raise.c: No such file or directory.
#0  __GI_raise (sig=sig@entry=6) at ../sysdeps/unix/sysv/linux/raise.c:51
#1  0x00007ffff7a2df5d in __GI_abort () at abort.c:90
#2  0x00007ffff7a23f17 in __assert_fail_base (fmt=<optimized out>, assertion=assertion@entry=0x5555555b7328 "(!(symb!=10&&symb!=6&&symb!=1&&symb!=8&&symb!=2&&symb!=5&&symb!=7&&symb!=9&&symb!=4&&symb!=3))", file=file@entry=0x5555555b2727 "MetaWithBraces-V4.c", line=line@entry=2073, function=function@entry=0x5555555b77a0 <__PRETTY_FUNCTION__.4462> "main") at assert.c:92
#3  0x00007ffff7a23fc2 in __GI___assert_fail (assertion=0x5555555b7328 "(!(symb!=10&&symb!=6&&symb!=1&&symb!=8&&symb!=2&&symb!=5&&symb!=7&&symb!=9&&symb!=4&&symb!=3))", file=0x5555555b2727 "MetaWithBraces-V4.c", line=2073, function=0x5555555b77a0 <__PRETTY_FUNCTION__.4462> "main") at assert.c:101
#4  0x000055555555579f in main () at MetaWithBraces-V4.c:2073
Dump of assembler code from 0x7ffff7a2c0bb to 0x7ffff7a2c0cb:
=> 0x00007ffff7a2c0bb <__GI_raise+203>:	mov    0x108(%rsp),%rcx
   0x00007ffff7a2c0c3 <__GI_raise+211>:	xor    %fs:0x28,%rcx
End of assembler dump.
rax            0x0	0
rbx            0x7ffff7ff6000	140737354096640
rcx            0x7ffff7a2c0bb	140737348026555
rdx            0x0	0
rsi            0x7fffffffdbd0	140737488346064
rdi            0x2	2
rbp            0x5555555b7328	0x5555555b7328
rsp            0x7fffffffdbd0	0x7fffffffdbd0
r8             0x0	0
r9             0x7fffffffdbd0	140737488346064
r10            0x8	8
r11            0x246	582
r12            0x819	2073
r13            0x5555555b77a0	93824992638880
r14            0x5555557b9298	93824994742936
r15            0x5555557b9268	93824994742888
rip            0x7ffff7a2c0bb	0x7ffff7a2c0bb <__GI_raise+203>
eflags         0x246	[ PF ZF IF ]
cs             0x33	51
ss             0x2b	43
ds             0x0	0
es             0x0	0
fs             0x0	0
gs             0x0	0
A debugging session is active.

	Inferior 1 [process 12716] will be killed.

Quit anyway? (y or n) [answered Y; input not from terminal]

+++ ID 000001, SIGNAL 06 +++

MetaWithBraces-V4: MetaWithBraces-V4.c:827: calculate_outputm7: Assertion `(!(a105==34&&a105==34&&a105==34))' failed.
POINT: 265
POINT: 266
POINT: 267
This is return -2 
POINT: 229
POINT: 237
POINT: 243
POINT: 244
POINT: 245
POINT: 247
POINT: 248
POINT: 87
POINT: 89

Program received signal SIGABRT, Aborted.
__GI_raise (sig=sig@entry=6) at ../sysdeps/unix/sysv/linux/raise.c:51
51	../sysdeps/unix/sysv/linux/raise.c: No such file or directory.
#0  __GI_raise (sig=sig@entry=6) at ../sysdeps/unix/sysv/linux/raise.c:51
#1  0x00007ffff7a2df5d in __GI_abort () at abort.c:90
#2  0x00007ffff7a23f17 in __assert_fail_base (fmt=<optimized out>, assertion=assertion@entry=0x5555555b4d38 "(!(a105==34&&a105==34&&a105==34))", file=file@entry=0x5555555b2727 "MetaWithBraces-V4.c", line=line@entry=827, function=function@entry=0x5555555b79b0 <__PRETTY_FUNCTION__.4393> "calculate_outputm7") at assert.c:92
#3  0x00007ffff7a23fc2 in __GI___assert_fail (assertion=0x5555555b4d38 "(!(a105==34&&a105==34&&a105==34))", file=0x5555555b2727 "MetaWithBraces-V4.c", line=827, function=0x5555555b79b0 <__PRETTY_FUNCTION__.4393> "calculate_outputm7") at assert.c:101
#4  0x000055555557687b in calculate_outputm7 (input=5) at MetaWithBraces-V4.c:827
#5  0x00005555555ae91f in calculate_output (input=5) at MetaWithBraces-V4.c:1973
#6  0x0000555555555369 in main () at MetaWithBraces-V4.c:2087
Dump of assembler code from 0x7ffff7a2c0bb to 0x7ffff7a2c0cb:
=> 0x00007ffff7a2c0bb <__GI_raise+203>:	mov    0x108(%rsp),%rcx
   0x00007ffff7a2c0c3 <__GI_raise+211>:	xor    %fs:0x28,%rcx
End of assembler dump.
rax            0x0	0
rbx            0x7ffff7ff6000	140737354096640
rcx            0x7ffff7a2c0bb	140737348026555
rdx            0x0	0
rsi            0x7fffffffdbb0	140737488346032
rdi            0x2	2
rbp            0x5555555b4d38	0x5555555b4d38
rsp            0x7fffffffdbb0	0x7fffffffdbb0
r8             0x0	0
r9             0x7fffffffdbb0	140737488346032
r10            0x8	8
r11            0x246	582
r12            0x33b	827
r13            0x5555555b79b0	93824992639408
r14            0x5555557b9298	93824994742936
r15            0x5555557b9268	93824994742888
rip            0x7ffff7a2c0bb	0x7ffff7a2c0bb <__GI_raise+203>
eflags         0x246	[ PF ZF IF ]
cs             0x33	51
ss             0x2b	43
ds             0x0	0
es             0x0	0
fs             0x0	0
gs             0x0	0
A debugging session is active.

	Inferior 1 [process 12730] will be killed.

Quit anyway? (y or n) [answered Y; input not from terminal]

+++ ID 000002, SIGNAL 06 +++

MetaWithBraces-V4: MetaWithBraces-V4.c:827: calculate_outputm7: Assertion `(!(a105==34&&a105==34&&a105==34))' failed.
POINT: 265
POINT: 266
POINT: 267
This is return -2 
POINT: 229
POINT: 237
POINT: 243
POINT: 244
POINT: 245
POINT: 247
POINT: 248
POINT: 87
POINT: 89

Program received signal SIGABRT, Aborted.
__GI_raise (sig=sig@entry=6) at ../sysdeps/unix/sysv/linux/raise.c:51
51	../sysdeps/unix/sysv/linux/raise.c: No such file or directory.
#0  __GI_raise (sig=sig@entry=6) at ../sysdeps/unix/sysv/linux/raise.c:51
#1  0x00007ffff7a2df5d in __GI_abort () at abort.c:90
#2  0x00007ffff7a23f17 in __assert_fail_base (fmt=<optimized out>, assertion=assertion@entry=0x5555555b4d38 "(!(a105==34&&a105==34&&a105==34))", file=file@entry=0x5555555b2727 "MetaWithBraces-V4.c", line=line@entry=827, function=function@entry=0x5555555b79b0 <__PRETTY_FUNCTION__.4393> "calculate_outputm7") at assert.c:92
#3  0x00007ffff7a23fc2 in __GI___assert_fail (assertion=0x5555555b4d38 "(!(a105==34&&a105==34&&a105==34))", file=0x5555555b2727 "MetaWithBraces-V4.c", line=827, function=0x5555555b79b0 <__PRETTY_FUNCTION__.4393> "calculate_outputm7") at assert.c:101
#4  0x000055555557687b in calculate_outputm7 (input=8) at MetaWithBraces-V4.c:827
#5  0x00005555555ae91f in calculate_output (input=8) at MetaWithBraces-V4.c:1973
#6  0x0000555555555369 in main () at MetaWithBraces-V4.c:2087
Dump of assembler code from 0x7ffff7a2c0bb to 0x7ffff7a2c0cb:
=> 0x00007ffff7a2c0bb <__GI_raise+203>:	mov    0x108(%rsp),%rcx
   0x00007ffff7a2c0c3 <__GI_raise+211>:	xor    %fs:0x28,%rcx
End of assembler dump.
rax            0x0	0
rbx            0x7ffff7ff6000	140737354096640
rcx            0x7ffff7a2c0bb	140737348026555
rdx            0x0	0
rsi            0x7fffffffdbb0	140737488346032
rdi            0x2	2
rbp            0x5555555b4d38	0x5555555b4d38
rsp            0x7fffffffdbb0	0x7fffffffdbb0
r8             0x0	0
r9             0x7fffffffdbb0	140737488346032
r10            0x8	8
r11            0x246	582
r12            0x33b	827
r13            0x5555555b79b0	93824992639408
r14            0x5555557b9298	93824994742936
r15            0x5555557b9268	93824994742888
rip            0x7ffff7a2c0bb	0x7ffff7a2c0bb <__GI_raise+203>
eflags         0x246	[ PF ZF IF ]
cs             0x33	51
ss             0x2b	43
ds             0x0	0
es             0x0	0
fs             0x0	0
gs             0x0	0
A debugging session is active.

	Inferior 1 [process 12744] will be killed.

Quit anyway? (y or n) [answered Y; input not from terminal]

+++ ID 000003, SIGNAL 06 +++

MetaWithBraces-V4: MetaWithBraces-V4.c:1970: calculate_output: Assertion `(!(cf==1&&a121==32))' failed.
POINT: 265
POINT: 266
POINT: 267
This is return -2 
POINT: 229
POINT: 237
POINT: 243
POINT: 244
POINT: 245
POINT: 247

Program received signal SIGABRT, Aborted.
__GI_raise (sig=sig@entry=6) at ../sysdeps/unix/sysv/linux/raise.c:51
51	../sysdeps/unix/sysv/linux/raise.c: No such file or directory.
#0  __GI_raise (sig=sig@entry=6) at ../sysdeps/unix/sysv/linux/raise.c:51
#1  0x00007ffff7a2df5d in __GI_abort () at abort.c:90
#2  0x00007ffff7a23f17 in __assert_fail_base (fmt=<optimized out>, assertion=assertion@entry=0x5555555b2dcb "(!(cf==1&&a121==32))", file=file@entry=0x5555555b2727 "MetaWithBraces-V4.c", line=line@entry=1970, function=function@entry=0x5555555b77b0 <__PRETTY_FUNCTION__.4457> "calculate_output") at assert.c:92
#3  0x00007ffff7a23fc2 in __GI___assert_fail (assertion=0x5555555b2dcb "(!(cf==1&&a121==32))", file=0x5555555b2727 "MetaWithBraces-V4.c", line=1970, function=0x5555555b77b0 <__PRETTY_FUNCTION__.4457> "calculate_output") at assert.c:101
#4  0x00005555555addff in calculate_output (input=5) at MetaWithBraces-V4.c:1970
#5  0x0000555555555369 in main () at MetaWithBraces-V4.c:2087
Dump of assembler code from 0x7ffff7a2c0bb to 0x7ffff7a2c0cb:
=> 0x00007ffff7a2c0bb <__GI_raise+203>:	mov    0x108(%rsp),%rcx
   0x00007ffff7a2c0c3 <__GI_raise+211>:	xor    %fs:0x28,%rcx
End of assembler dump.
rax            0x0	0
rbx            0x7ffff7ff6000	140737354096640
rcx            0x7ffff7a2c0bb	140737348026555
rdx            0x0	0
rsi            0x7fffffffdbc0	140737488346048
rdi            0x2	2
rbp            0x5555555b2dcb	0x5555555b2dcb
rsp            0x7fffffffdbc0	0x7fffffffdbc0
r8             0x0	0
r9             0x7fffffffdbc0	140737488346048
r10            0x8	8
r11            0x246	582
r12            0x7b2	1970
r13            0x5555555b77b0	93824992638896
r14            0x5555557b9298	93824994742936
r15            0x5555557b9268	93824994742888
rip            0x7ffff7a2c0bb	0x7ffff7a2c0bb <__GI_raise+203>
eflags         0x246	[ PF ZF IF ]
cs             0x33	51
ss             0x2b	43
ds             0x0	0
es             0x0	0
fs             0x0	0
gs             0x0	0
A debugging session is active.

	Inferior 1 [process 12758] will be killed.

Quit anyway? (y or n) [answered Y; input not from terminal]

+++ ID 000004, SIGNAL 06 +++

MetaWithBraces-V4: MetaWithBraces-V4.c:2073: main: Assertion `(!(symb!=10&&symb!=6&&symb!=1&&symb!=8&&symb!=2&&symb!=5&&symb!=7&&symb!=9&&symb!=4&&symb!=3))' failed.
POINT: 265
POINT: 266
POINT: 267
POINT: 268
This is return -2 
POINT: 229
POINT: 237
POINT: 243
POINT: 244
POINT: 245
POINT: 247
POINT: 248
POINT: 87
POINT: 89
POINT: 91
POINT: 92
POINT: 83
POINT: 85
POINT: 249
POINT: 251
POINT: 253
POINT: 263
POINT: 264
21845POINT: 266
POINT: 267

Program received signal SIGABRT, Aborted.
__GI_raise (sig=sig@entry=6) at ../sysdeps/unix/sysv/linux/raise.c:51
51	../sysdeps/unix/sysv/linux/raise.c: No such file or directory.
#0  __GI_raise (sig=sig@entry=6) at ../sysdeps/unix/sysv/linux/raise.c:51
#1  0x00007ffff7a2df5d in __GI_abort () at abort.c:90
#2  0x00007ffff7a23f17 in __assert_fail_base (fmt=<optimized out>, assertion=assertion@entry=0x5555555b7328 "(!(symb!=10&&symb!=6&&symb!=1&&symb!=8&&symb!=2&&symb!=5&&symb!=7&&symb!=9&&symb!=4&&symb!=3))", file=file@entry=0x5555555b2727 "MetaWithBraces-V4.c", line=line@entry=2073, function=function@entry=0x5555555b77a0 <__PRETTY_FUNCTION__.4462> "main") at assert.c:92
#3  0x00007ffff7a23fc2 in __GI___assert_fail (assertion=0x5555555b7328 "(!(symb!=10&&symb!=6&&symb!=1&&symb!=8&&symb!=2&&symb!=5&&symb!=7&&symb!=9&&symb!=4&&symb!=3))", file=0x5555555b2727 "MetaWithBraces-V4.c", line=2073, function=0x5555555b77a0 <__PRETTY_FUNCTION__.4462> "main") at assert.c:101
#4  0x000055555555579f in main () at MetaWithBraces-V4.c:2073
Dump of assembler code from 0x7ffff7a2c0bb to 0x7ffff7a2c0cb:
=> 0x00007ffff7a2c0bb <__GI_raise+203>:	mov    0x108(%rsp),%rcx
   0x00007ffff7a2c0c3 <__GI_raise+211>:	xor    %fs:0x28,%rcx
End of assembler dump.
rax            0x0	0
rbx            0x7ffff7ff6000	140737354096640
rcx            0x7ffff7a2c0bb	140737348026555
rdx            0x0	0
rsi            0x7fffffffdbd0	140737488346064
rdi            0x2	2
rbp            0x5555555b7328	0x5555555b7328
rsp            0x7fffffffdbd0	0x7fffffffdbd0
r8             0x0	0
r9             0x7fffffffdbd0	140737488346064
r10            0x8	8
r11            0x246	582
r12            0x819	2073
r13            0x5555555b77a0	93824992638880
r14            0x5555557b9298	93824994742936
r15            0x5555557b9268	93824994742888
rip            0x7ffff7a2c0bb	0x7ffff7a2c0bb <__GI_raise+203>
eflags         0x246	[ PF ZF IF ]
cs             0x33	51
ss             0x2b	43
ds             0x0	0
es             0x0	0
fs             0x0	0
gs             0x0	0
A debugging session is active.

	Inferior 1 [process 12772] will be killed.

Quit anyway? (y or n) [answered Y; input not from terminal]

+++ ID 000005, SIGNAL 06 +++

MetaWithBraces-V4: MetaWithBraces-V4.c:251: calculate_outputm2: Assertion `(!(!(337<a16)&&cf==1&&a49==8&&a105==33&&a105==33))' failed.
POINT: 265
POINT: 266
POINT: 267
This is return -2 
POINT: 229
POINT: 237
POINT: 243
POINT: 244
POINT: 245
POINT: 247
POINT: 248
POINT: 87
POINT: 89
POINT: 91
POINT: 92
POINT: 83
POINT: 84
21
POINT: 85
POINT: 249
POINT: 251
POINT: 253
POINT: 263
8POINT: 266
POINT: 267
This is return -2 
POINT: 229
POINT: 230
POINT: 231
POINT: 233
POINT: 234
POINT: 17
POINT: 18
POINT: 5
POINT: 19
POINT: 21

Program received signal SIGABRT, Aborted.
__GI_raise (sig=sig@entry=6) at ../sysdeps/unix/sysv/linux/raise.c:51
51	../sysdeps/unix/sysv/linux/raise.c: No such file or directory.
#0  __GI_raise (sig=sig@entry=6) at ../sysdeps/unix/sysv/linux/raise.c:51
#1  0x00007ffff7a2df5d in __GI_abort () at abort.c:90
#2  0x00007ffff7a23f17 in __assert_fail_base (fmt=<optimized out>, assertion=assertion@entry=0x5555555b3c10 "(!(!(337<a16)&&cf==1&&a49==8&&a105==33&&a105==33))", file=file@entry=0x5555555b2727 "MetaWithBraces-V4.c", line=line@entry=251, function=function@entry=0x5555555b7b90 <__PRETTY_FUNCTION__.4330> "calculate_outputm2") at assert.c:92
#3  0x00007ffff7a23fc2 in __GI___assert_fail (assertion=0x5555555b3c10 "(!(!(337<a16)&&cf==1&&a49==8&&a105==33&&a105==33))", file=0x5555555b2727 "MetaWithBraces-V4.c", line=251, function=0x5555555b7b90 <__PRETTY_FUNCTION__.4330> "calculate_outputm2") at assert.c:101
#4  0x000055555555b7df in calculate_outputm2 (input=8) at MetaWithBraces-V4.c:251
#5  0x00005555555ae5cb in calculate_output (input=8) at MetaWithBraces-V4.c:1900
#6  0x0000555555555369 in main () at MetaWithBraces-V4.c:2087
Dump of assembler code from 0x7ffff7a2c0bb to 0x7ffff7a2c0cb:
=> 0x00007ffff7a2c0bb <__GI_raise+203>:	mov    0x108(%rsp),%rcx
   0x00007ffff7a2c0c3 <__GI_raise+211>:	xor    %fs:0x28,%rcx
End of assembler dump.
rax            0x0	0
rbx            0x7ffff7ff6000	140737354096640
rcx            0x7ffff7a2c0bb	140737348026555
rdx            0x0	0
rsi            0x7fffffffdbb0	140737488346032
rdi            0x2	2
rbp            0x5555555b3c10	0x5555555b3c10
rsp            0x7fffffffdbb0	0x7fffffffdbb0
r8             0x0	0
r9             0x7fffffffdbb0	140737488346032
r10            0x8	8
r11            0x246	582
r12            0xfb	251
r13            0x5555555b7b90	93824992639888
r14            0x5555557b9298	93824994742936
r15            0x5555557b9268	93824994742888
rip            0x7ffff7a2c0bb	0x7ffff7a2c0bb <__GI_raise+203>
eflags         0x246	[ PF ZF IF ]
cs             0x33	51
ss             0x2b	43
ds             0x0	0
es             0x0	0
fs             0x0	0
gs             0x0	0
A debugging session is active.

	Inferior 1 [process 12786] will be killed.

Quit anyway? (y or n) [answered Y; input not from terminal]

+++ ID 000006, SIGNAL 06 +++

MetaWithBraces-V4: MetaWithBraces-V4.c:1897: calculate_output: Assertion `(!(a49==8&&a49==8&&a105==33))' failed.
POINT: 265
POINT: 266
POINT: 267
This is return -2 
POINT: 229
POINT: 237
POINT: 243
POINT: 244
POINT: 245
POINT: 247
POINT: 248
POINT: 87
POINT: 89
POINT: 91
POINT: 92
POINT: 83
POINT: 84
21
POINT: 85
POINT: 249
POINT: 251
POINT: 253
POINT: 263
8POINT: 266
POINT: 267
This is return -2 
POINT: 229
POINT: 230
POINT: 231
POINT: 233

Program received signal SIGABRT, Aborted.
__GI_raise (sig=sig@entry=6) at ../sysdeps/unix/sysv/linux/raise.c:51
51	../sysdeps/unix/sysv/linux/raise.c: No such file or directory.
#0  __GI_raise (sig=sig@entry=6) at ../sysdeps/unix/sysv/linux/raise.c:51
#1  0x00007ffff7a2df5d in __GI_abort () at abort.c:90
#2  0x00007ffff7a23f17 in __assert_fail_base (fmt=<optimized out>, assertion=assertion@entry=0x5555555b38b5 "(!(a49==8&&a49==8&&a105==33))", file=file@entry=0x5555555b2727 "MetaWithBraces-V4.c", line=line@entry=1897, function=function@entry=0x5555555b77b0 <__PRETTY_FUNCTION__.4457> "calculate_output") at assert.c:92
#3  0x00007ffff7a23fc2 in __GI___assert_fail (assertion=0x5555555b38b5 "(!(a49==8&&a49==8&&a105==33))", file=0x5555555b2727 "MetaWithBraces-V4.c", line=1897, function=0x5555555b77b0 <__PRETTY_FUNCTION__.4457> "calculate_output") at assert.c:101
#4  0x00005555555ac563 in calculate_output (input=8) at MetaWithBraces-V4.c:1897
#5  0x0000555555555369 in main () at MetaWithBraces-V4.c:2087
Dump of assembler code from 0x7ffff7a2c0bb to 0x7ffff7a2c0cb:
=> 0x00007ffff7a2c0bb <__GI_raise+203>:	mov    0x108(%rsp),%rcx
   0x00007ffff7a2c0c3 <__GI_raise+211>:	xor    %fs:0x28,%rcx
End of assembler dump.
rax            0x0	0
rbx            0x7ffff7ff6000	140737354096640
rcx            0x7ffff7a2c0bb	140737348026555
rdx            0x0	0
rsi            0x7fffffffdbc0	140737488346048
rdi            0x2	2
rbp            0x5555555b38b5	0x5555555b38b5
rsp            0x7fffffffdbc0	0x7fffffffdbc0
r8             0x0	0
r9             0x7fffffffdbc0	140737488346048
r10            0x8	8
r11            0x246	582
r12            0x769	1897
r13            0x5555555b77b0	93824992638896
r14            0x5555557b9298	93824994742936
r15            0x5555557b9268	93824994742888
rip            0x7ffff7a2c0bb	0x7ffff7a2c0bb <__GI_raise+203>
eflags         0x246	[ PF ZF IF ]
cs             0x33	51
ss             0x2b	43
ds             0x0	0
es             0x0	0
fs             0x0	0
gs             0x0	0
A debugging session is active.

	Inferior 1 [process 12800] will be killed.

Quit anyway? (y or n) [answered Y; input not from terminal]

